<?xml version="1.0" encoding="utf-8"?><testsuites name="pytest tests"><testsuite name="pytest" errors="0" failures="0" skipped="0" tests="26" time="4.460" timestamp="2026-04-30T22:02:46.116228+00:00" hostname="agent-env-941e9a7b-c0f1-4eb0-b2d0-1905df65ce69"><testcase classname="backend.tests.backend_test.TestAuth" name="test_register_creates_user_and_sets_cookie" time="0.458" /><testcase classname="backend.tests.backend_test.TestAuth" name="test_register_duplicate_email_400" time="0.124" /><testcase classname="backend.tests.backend_test.TestAuth" name="test_login_success_and_cookie" time="0.379" /><testcase classname="backend.tests.backend_test.TestAuth" name="test_login_bad_password_401" time="0.361" /><testcase classname="backend.tests.backend_test.TestAuth" name="test_login_unknown_email_401" time="0.223" /><testcase classname="backend.tests.backend_test.TestAuth" name="test_me_unauth_401" time="0.117" /><testcase classname="backend.tests.backend_test.TestAuth" name="test_logout_clears_cookie" time="0.480" /><testcase classname="backend.tests.backend_test.TestAuth" name="test_google_session_bad_id" time="0.300" /><testcase classname="backend.tests.backend_test.TestForms" name="test_list_forms_unauth_401" time="0.127" /><testcase classname="backend.tests.backend_test.TestForms" name="test_create_form_pending_shape" time="0.049" /><testcase classname="backend.tests.backend_test.TestForms" name="test_get_own_form" time="0.051" /><testcase classname="backend.tests.backend_test.TestForms" name="test_list_own_forms" time="0.050" /><testcase classname="backend.tests.backend_test.TestForms" name="test_update_form_meta_partial" time="0.103" /><testcase classname="backend.tests.backend_test.TestForms" name="test_update_form_meta_email_lowered" time="0.052" /><testcase classname="backend.tests.backend_test.TestForms" name="test_other_user_cannot_access" time="0.401" /><testcase classname="backend.tests.backend_test.TestForms" name="test_public_get_pending" time="0.161" /><testcase classname="backend.tests.backend_test.TestForms" name="test_public_get_not_found" time="0.125" /><testcase classname="backend.tests.backend_test.TestForms" name="test_public_submit_no_auth" time="0.122" /><testcase classname="backend.tests.backend_test.TestForms" name="test_public_submit_already_completed_400" time="0.129" /><testcase classname="backend.tests.backend_test.TestForms" name="test_public_submit_invalid_token_404" time="0.123" /><testcase classname="backend.tests.backend_test.TestForms" name="test_owner_sees_completed_after_submit" time="0.052" /><testcase classname="backend.tests.backend_test.TestForms" name="test_send_email_503_when_resend_empty_default_recipient" time="0.056" /><testcase classname="backend.tests.backend_test.TestForms" name="test_send_email_503_with_explicit_recipient" time="0.051" /><testcase classname="backend.tests.backend_test.TestForms" name="test_send_email_unauth_401" time="0.126" /><testcase classname="backend.tests.backend_test.TestForms" name="test_delete_form_and_verify" time="0.101" /><testcase classname="backend.tests.backend_test.TestForms" name="test_delete_already_gone_404" time="0.058" /></testsuite></testsuites>