<?xml version="1.0" encoding="utf-8"?><testsuites name="pytest tests"><testsuite name="pytest" errors="0" failures="0" skipped="0" tests="6" time="1.890" timestamp="2026-04-30T22:03:27.042560+00:00" hostname="agent-env-941e9a7b-c0f1-4eb0-b2d0-1905df65ce69"><testcase classname="backend.tests.test_vet_and_profile.TestSharedVet" name="test_submit_with_shared_vet_persists" time="0.757" /><testcase classname="backend.tests.test_vet_and_profile.TestPerPetVet" name="test_submit_with_per_pet_vet_persists" time="0.563" /><testcase classname="backend.tests.test_vet_and_profile.TestProfilePicture" name="test_put_profile_accepts_base64_data_url" time="0.116" /><testcase classname="backend.tests.test_vet_and_profile.TestProfilePicture" name="test_put_profile_rejects_oversized_data_url" time="0.191" /><testcase classname="backend.tests.test_vet_and_profile.TestProfilePicture" name="test_put_profile_accepts_http_url" time="0.053" /><testcase classname="backend.tests.test_vet_and_profile.TestProfilePicture" name="test_put_profile_unauth_401" time="0.137" /></testsuite></testsuites>